#
# A fatal error has been detected by the Java Runtime Environment:
#
#  EXCEPTION_ACCESS_VIOLATION (0xc0000005) at pc=0xffffe42e, pid=5508, tid=4104
#
# JRE version: 6.0_26-b03
# Java VM: Java HotSpot(TM) Client VM (20.1-b02 mixed mode windows-x86 )
# Problematic frame:
# C  0xffffe42e
#
# If you would like to submit a bug report, please visit:
#   http://java.sun.com/webapps/bugreport/crash.jsp
# The crash happened outside the Java Virtual Machine in native code.
# See problematic frame for where to report the bug.
#

---------------  T H R E A D  ---------------

Current thread (0x17b6f400):  JavaThread "AWT-Windows" daemon [_thread_in_native, id=4104, stack(0x18040000,0x18090000)]

siginfo: ExceptionCode=0xc0000005, reading address 0xffffe42e

Registers:
EAX=0x6d170142, EBX=0x00000001, ECX=0x17c42410, EDX=0x00000004
ESP=0x1808f770, EBP=0x1808f79c, ESI=0x17b6f528, EDI=0x00000000
EIP=0xffffe42e, EFLAGS=0x00010297

Top of Stack: (sp=0x1808f770)
0x1808f770:   6d14cb4f 1808f818 00009819 00000000
0x1808f780:   1808f818 00000000 17b6f528 1808f774
0x1808f790:   1808f830 6d1704a8 00000001 1808f7c8
0x1808f7a0:   76f986ef 000a066c 00009819 17c42410
0x1808f7b0:   00000000 00009819 dcbaabcd 00000000
0x1808f7c0:   1808f818 00009819 1808f840 76f98876
0x1808f7d0:   6d14c650 000a066c 00009819 17c42410
0x1808f7e0:   00000000 e2b5721f 00000000 000a066c 

Instructions: (pc=0xffffe42e)
0xffffe40e:   
[error occurred during error reporting (printing registers, top of stack, instructions near pc), id 0xc0000005]

Register to memory mapping:

EAX=0x6d170142 is an unknown value
EBX=0x00000001 is an unknown value
ECX=0x17c42410 is an unknown value
EDX=0x00000004 is an unknown value
ESP=0x1808f770 is pointing into the stack for thread: 0x17b6f400
EBP=0x1808f79c is pointing into the stack for thread: 0x17b6f400
ESI=0x17b6f528 is an unknown value
EDI=0x00000000 is an unknown value


Stack: [0x18040000,0x18090000],  sp=0x1808f770,  free space=317k
Native frames: (J=compiled Java code, j=interpreted, Vv=VM code, C=native code)
C  0xffffe42e
C  [USER32.dll+0x186ef]  IsThreadDesktopComposited+0x11f
C  [USER32.dll+0x18876]  IsThreadDesktopComposited+0x2a6
C  [USER32.dll+0x170f4]  InflateRect+0x74
C  [USER32.dll+0x1738f]  DefWindowProcW+0x144
C  [ntdll.dll+0x4642e]  KiUserCallbackDispatcher+0x2e

Java frames: (J=compiled Java code, j=interpreted, Vv=VM code)
j  sun.awt.windows.WToolkit.eventLoop()V+0
j  sun.awt.windows.WToolkit.run()V+52
j  java.lang.Thread.run()V+11
v  ~StubRoutines::call_stub

---------------  P R O C E S S  ---------------

Java Threads: ( => current thread )
  0x17b3ec00 JavaThread "Thread-1" daemon [_thread_in_native, id=4976, stack(0x195d0000,0x19620000)]
  0x17c2a800 JavaThread "Thread-4" [_thread_in_native, id=5492, stack(0x18af0000,0x18b40000)]
  0x17c24c00 JavaThread "TimerQueue" daemon [_thread_blocked, id=4840, stack(0x18a50000,0x18aa0000)]
  0x00559000 JavaThread "DestroyJavaVM" [_thread_blocked, id=4136, stack(0x00370000,0x003c0000)]
  0x17c22c00 JavaThread "Thread-3" [_thread_in_native, id=2124, stack(0x186b0000,0x18700000)]
  0x17bfcc00 JavaThread "AWT-EventQueue-0" [_thread_blocked, id=6088, stack(0x18660000,0x186b0000)]
=>0x17b6f400 JavaThread "AWT-Windows" daemon [_thread_in_native, id=4104, stack(0x18040000,0x18090000)]
  0x17b6e400 JavaThread "AWT-Shutdown" [_thread_blocked, id=3708, stack(0x17ff0000,0x18040000)]
  0x17b42800 JavaThread "Java2D Disposer" daemon [_thread_in_native, id=5148, stack(0x17e90000,0x17ee0000)]
  0x0193d400 JavaThread "Low Memory Detector" daemon [_thread_blocked, id=5780, stack(0x17a80000,0x17ad0000)]
  0x0192e400 JavaThread "C1 CompilerThread0" daemon [_thread_blocked, id=3900, stack(0x17a30000,0x17a80000)]
  0x0192d400 JavaThread "Attach Listener" daemon [_thread_blocked, id=5272, stack(0x179e0000,0x17a30000)]
  0x0192a400 JavaThread "Signal Dispatcher" daemon [_thread_blocked, id=5408, stack(0x17990000,0x179e0000)]
  0x01900000 JavaThread "Finalizer" daemon [_thread_blocked, id=2252, stack(0x17940000,0x17990000)]
  0x018fb800 JavaThread "Reference Handler" daemon [_thread_blocked, id=5232, stack(0x178f0000,0x17940000)]

Other Threads:
  0x018f6c00 VMThread [stack: 0x00560000,0x005b0000] [id=4284]
  0x01958400 WatcherThread [stack: 0x17ad0000,0x17b20000] [id=4952]

VM state:not at safepoint (normal execution)

VM Mutex/Monitor currently owned by a thread: None

Heap
 def new generation   total 4864K, used 817K [0x039f0000, 0x03f30000, 0x08e90000)
  eden space 4352K,   7% used [0x039f0000, 0x03a3c728, 0x03e30000)
  from space 512K, 100% used [0x03eb0000, 0x03f30000, 0x03f30000)
  to   space 512K,   0% used [0x03e30000, 0x03e30000, 0x03eb0000)
 tenured generation   total 10880K, used 581K [0x08e90000, 0x09930000, 0x137f0000)
   the space 10880K,   5% used [0x08e90000, 0x08f215c0, 0x08f21600, 0x09930000)
 compacting perm gen  total 12288K, used 7653K [0x137f0000, 0x143f0000, 0x177f0000)
   the space 12288K,  62% used [0x137f0000, 0x13f69718, 0x13f69800, 0x143f0000)
No shared spaces configured.

Code Cache  [0x01970000, 0x01a28000, 0x03970000)
 total_blobs=395 nmethods=198 adapters=133 free_code_cache=32805056 largest_free_block=0

Dynamic libraries:
0x00400000 - 0x00424000 	C:\Program Files\Java\jdk1.6.0_26\bin\java.exe
0x77250000 - 0x7738c000 	C:\Windows\SYSTEM32\ntdll.dll
0x76ea0000 - 0x76f74000 	C:\Windows\system32\kernel32.dll
0x75620000 - 0x7566a000 	C:\Windows\system32\KERNELBASE.dll
0x767f0000 - 0x76890000 	C:\Windows\system32\ADVAPI32.dll
0x77100000 - 0x771ac000 	C:\Windows\system32\msvcrt.dll
0x773f0000 - 0x77409000 	C:\Windows\SYSTEM32\sechost.dll
0x77050000 - 0x770f1000 	C:\Windows\system32\RPCRT4.dll
0x7c340000 - 0x7c396000 	C:\Program Files\Java\jdk1.6.0_26\jre\bin\msvcr71.dll
0x6d8a0000 - 0x6db4f000 	C:\Program Files\Java\jdk1.6.0_26\jre\bin\client\jvm.dll
0x76f80000 - 0x77049000 	C:\Windows\system32\USER32.dll
0x76ac0000 - 0x76b0e000 	C:\Windows\system32\GDI32.dll
0x773c0000 - 0x773ca000 	C:\Windows\system32\LPK.dll
0x771b0000 - 0x7724d000 	C:\Windows\system32\USP10.dll
0x738a0000 - 0x738d2000 	C:\Windows\system32\WINMM.dll
0x773d0000 - 0x773ef000 	C:\Windows\system32\IMM32.DLL
0x76520000 - 0x765ec000 	C:\Windows\system32\MSCTF.dll
0x752d0000 - 0x7531b000 	C:\Windows\system32\apphelp.dll
0x6d850000 - 0x6d85c000 	C:\Program Files\Java\jdk1.6.0_26\jre\bin\verify.dll
0x6d3d0000 - 0x6d3ef000 	C:\Program Files\Java\jdk1.6.0_26\jre\bin\java.dll
0x77410000 - 0x77415000 	C:\Windows\system32\PSAPI.DLL
0x6d890000 - 0x6d89f000 	C:\Program Files\Java\jdk1.6.0_26\jre\bin\zip.dll
0x6d0b0000 - 0x6d1fb000 	C:\Program Files\Java\jdk1.6.0_26\jre\bin\awt.dll
0x6fbe0000 - 0x6fc31000 	C:\Windows\system32\WINSPOOL.DRV
0x762e0000 - 0x7643c000 	C:\Windows\system32\ole32.dll
0x74300000 - 0x7449e000 	C:\Windows\WinSxS\x86_microsoft.windows.common-controls_6595b64144ccf1df_6.0.7600.16385_none_421189da2b7fabfc\COMCTL32.dll
0x77420000 - 0x77477000 	C:\Windows\system32\SHLWAPI.dll
0x75530000 - 0x755b4000 	C:\Windows\WinSxS\x86_microsoft.windows.common-controls_6595b64144ccf1df_5.82.7600.16385_none_ebf82fc36c758ad5\comctl32.dll
0x73da0000 - 0x73db3000 	C:\Windows\system32\DWMAPI.DLL
0x74150000 - 0x74190000 	C:\Windows\system32\uxtheme.dll
0x6d2e0000 - 0x6d32f000 	C:\Program Files\Java\jdk1.6.0_26\jre\bin\fontmanager.dll
0x75320000 - 0x7532c000 	C:\Windows\system32\CRYPTBASE.dll
0x75690000 - 0x762d9000 	C:\Windows\system32\shell32.dll
0x6d6b0000 - 0x6d6c3000 	C:\Program Files\Java\jdk1.6.0_26\jre\bin\net.dll
0x76b40000 - 0x76b75000 	C:\Windows\system32\WS2_32.dll
0x773b0000 - 0x773b6000 	C:\Windows\system32\NSI.dll
0x18390000 - 0x183c3000 	C:\Windows\system32\idmmbc.dll
0x76890000 - 0x7691f000 	C:\Windows\system32\OLEAUT32.dll
0x74dc0000 - 0x74dfc000 	C:\Windows\system32\mswsock.dll
0x74db0000 - 0x74db6000 	C:\Windows\System32\wship6.dll
0x6d6d0000 - 0x6d6d9000 	C:\Program Files\Java\jdk1.6.0_26\jre\bin\nio.dll
0x76440000 - 0x764c3000 	C:\Windows\system32\CLBCatQ.DLL
0x18610000 - 0x18635000 	C:\Users\dev\AppData\Local\Temp\bluecove_dev_0\intelbth.dll
0x6e930000 - 0x6e93d000 	C:\Windows\System32\wshBth.dll
0x66d80000 - 0x66de9000 	C:\Windows\system32\irprops.cpl
0x703c0000 - 0x703c7000 	C:\Windows\system32\WSOCK32.dll
0x755f0000 - 0x7561d000 	C:\Windows\system32\WINTRUST.dll
0x75410000 - 0x7552c000 	C:\Windows\system32\CRYPT32.dll
0x77390000 - 0x7739c000 	C:\Windows\system32\MSASN1.dll
0x72500000 - 0x725b0000 	C:\Windows\system32\bthprops.cpl
0x76920000 - 0x76abd000 	C:\Windows\system32\SETUPAPI.dll
0x755c0000 - 0x755e7000 	C:\Windows\system32\CFGMGR32.dll
0x75670000 - 0x75682000 	C:\Windows\system32\DEVOBJ.dll
0x18640000 - 0x18647000 	C:\Program Files\Internet Download Manager\idmmkb.dll
0x74e00000 - 0x74e16000 	C:\Windows\system32\CRYPTSP.dll
0x74ba0000 - 0x74bdb000 	C:\Windows\system32\rsaenh.dll
0x75390000 - 0x7539e000 	C:\Windows\system32\RpcRtRemote.dll

VM Arguments:
jvm_args: -Dfile.encoding=UTF-8 
java_command: input2PCServer.Input2PCserver
Launcher Type: SUN_STANDARD

Environment Variables:
PATH=C:\Program Files\PC Connectivity Solution\;C:\Windows\system32;C:\Windows;C:\Windows\System32\Wbem;C:\Windows\System32\WindowsPowerShell\v1.0\;C:\Program Files\Autodesk\Backburner\
USERNAME=dev
OS=Windows_NT
PROCESSOR_IDENTIFIER=x86 Family 6 Model 23 Stepping 10, GenuineIntel



---------------  S Y S T E M  ---------------

OS: Windows 7 Build 7600 

CPU:total 2 (2 cores per cpu, 1 threads per core) family 6 model 23 stepping 10, cmov, cx8, fxsr, mmx, sse, sse2, sse3, ssse3, sse4.1

Memory: 4k page, physical 1038520k(46080k free), swap 2456676k(598488k free)

vm_info: Java HotSpot(TM) Client VM (20.1-b02) for windows-x86 JRE (1.6.0_26-b03), built on May  4 2011 00:50:59 by "java_re" with MS VC++ 7.1 (VS2003)

time: Sat Mar 02 03:23:23 2013
elapsed time: 52 seconds

