#
# A fatal error has been detected by the Java Runtime Environment:
#
#  EXCEPTION_ACCESS_VIOLATION (0xc0000005) at pc=0x88b8cccc, pid=1168, tid=412
#
# JRE version: 6.0_26-b03
# Java VM: Java HotSpot(TM) Client VM (20.1-b02 mixed mode windows-x86 )
# Problematic frame:
# C  0x88b8cccc
#
# If you would like to submit a bug report, please visit:
#   http://java.sun.com/webapps/bugreport/crash.jsp
# The crash happened outside the Java Virtual Machine in native code.
# See problematic frame for where to report the bug.
#

---------------  T H R E A D  ---------------

Current thread (0x17b9f000):  JavaThread "AWT-Windows" daemon [_thread_in_native, id=412, stack(0x18070000,0x180c0000)]

siginfo: ExceptionCode=0xc0000005, reading address 0x88b8cccc

Registers:
EAX=0x6d17002a, EBX=0x00000001, ECX=0x17c3dd88, EDX=0x00000004
ESP=0x180bf970, EBP=0x180bf99c, ESI=0x17b9f128, EDI=0x00000000
EIP=0x88b8cccc, EFLAGS=0x00010297

Top of Stack: (sp=0x180bf970)
0x180bf970:   6d14cb4f 180bfa18 00009819 00000000
0x180bf980:   180bfa18 00000000 17b9f128 180bf974
0x180bf990:   180bfa30 6d1704a8 00000001 180bf9c8
0x180bf9a0:   75dc86ef 002a0560 00009819 17c3dd88
0x180bf9b0:   00000000 00009819 dcbaabcd 00000000
0x180bf9c0:   180bfa18 00009819 180bfa40 75dc8876
0x180bf9d0:   6d14c650 002a0560 00009819 17c3dd88
0x180bf9e0:   00000000 8dd42833 00000000 002a0560 

Instructions: (pc=0x88b8cccc)
0x88b8ccac:   
[error occurred during error reporting (printing registers, top of stack, instructions near pc), id 0xc0000005]

Register to memory mapping:

EAX=0x6d17002a is an unknown value
EBX=0x00000001 is an unknown value
ECX=0x17c3dd88 is an unknown value
EDX=0x00000004 is an unknown value
ESP=0x180bf970 is pointing into the stack for thread: 0x17b9f000
EBP=0x180bf99c is pointing into the stack for thread: 0x17b9f000
ESI=0x17b9f128 is an unknown value
EDI=0x00000000 is an unknown value


Stack: [0x18070000,0x180c0000],  sp=0x180bf970,  free space=318k
Native frames: (J=compiled Java code, j=interpreted, Vv=VM code, C=native code)
C  0x88b8cccc
C  [USER32.dll+0x186ef]  IsThreadDesktopComposited+0x11f
C  [USER32.dll+0x18876]  IsThreadDesktopComposited+0x2a6
C  [USER32.dll+0x170f4]  InflateRect+0x74
C  [USER32.dll+0x1738f]  DefWindowProcW+0x144
C  [ntdll.dll+0x4642e]  KiUserCallbackDispatcher+0x2e

Java frames: (J=compiled Java code, j=interpreted, Vv=VM code)
j  sun.awt.windows.WToolkit.eventLoop()V+0
j  sun.awt.windows.WToolkit.run()V+52
j  java.lang.Thread.run()V+11
v  ~StubRoutines::call_stub

---------------  P R O C E S S  ---------------

Java Threads: ( => current thread )
  0x01943800 JavaThread "Thread-1" daemon [_thread_in_native, id=2060, stack(0x181b0000,0x18200000)]
  0x17c5e400 JavaThread "Thread-4" [_thread_in_native, id=2276, stack(0x19400000,0x19450000)]
  0x17c5dc00 JavaThread "TimerQueue" daemon [_thread_blocked, id=3304, stack(0x193b0000,0x19400000)]
  0x002d9000 JavaThread "DestroyJavaVM" [_thread_blocked, id=3848, stack(0x00540000,0x00590000)]
  0x17c4d000 JavaThread "Thread-3" [_thread_in_native, id=2692, stack(0x186c0000,0x18710000)]
  0x17c32800 JavaThread "AWT-EventQueue-0" [_thread_blocked, id=2824, stack(0x18660000,0x186b0000)]
=>0x17b9f000 JavaThread "AWT-Windows" daemon [_thread_in_native, id=412, stack(0x18070000,0x180c0000)]
  0x17b74c00 JavaThread "AWT-Shutdown" [_thread_blocked, id=420, stack(0x18020000,0x18070000)]
  0x17b71800 JavaThread "Java2D Disposer" daemon [_thread_in_native, id=644, stack(0x17fd0000,0x18020000)]
  0x01993400 JavaThread "Low Memory Detector" daemon [_thread_blocked, id=108, stack(0x17ab0000,0x17b00000)]
  0x0198e800 JavaThread "C1 CompilerThread0" daemon [_thread_blocked, id=1956, stack(0x17a60000,0x17ab0000)]
  0x0198d400 JavaThread "Attach Listener" daemon [_thread_blocked, id=2800, stack(0x17a10000,0x17a60000)]
  0x0198a400 JavaThread "Signal Dispatcher" daemon [_thread_blocked, id=1860, stack(0x179c0000,0x17a10000)]
  0x01960000 JavaThread "Finalizer" daemon [_thread_blocked, id=1276, stack(0x17970000,0x179c0000)]
  0x0195b800 JavaThread "Reference Handler" daemon [_thread_blocked, id=2772, stack(0x17920000,0x17970000)]

Other Threads:
  0x01956c00 VMThread [stack: 0x178d0000,0x17920000] [id=428]
  0x019a6c00 WatcherThread [stack: 0x17b00000,0x17b50000] [id=2632]

VM state:not at safepoint (normal execution)

VM Mutex/Monitor currently owned by a thread: None

Heap
 def new generation   total 4864K, used 862K [0x039d0000, 0x03f10000, 0x08e70000)
  eden space 4352K,   8% used [0x039d0000, 0x03a27978, 0x03e10000)
  from space 512K, 100% used [0x03e90000, 0x03f10000, 0x03f10000)
  to   space 512K,   0% used [0x03e10000, 0x03e10000, 0x03e90000)
 tenured generation   total 10880K, used 574K [0x08e70000, 0x09910000, 0x137d0000)
   the space 10880K,   5% used [0x08e70000, 0x08effb08, 0x08effc00, 0x09910000)
 compacting perm gen  total 12288K, used 8048K [0x137d0000, 0x143d0000, 0x177d0000)
   the space 12288K,  65% used [0x137d0000, 0x13fac110, 0x13fac200, 0x143d0000)
No shared spaces configured.

Code Cache  [0x019d0000, 0x01a80000, 0x039d0000)
 total_blobs=368 nmethods=171 adapters=133 free_code_cache=32836864 largest_free_block=0

Dynamic libraries:
0x00400000 - 0x00424000 	C:\Program Files\Java\jdk1.6.0_26\bin\java.exe
0x77540000 - 0x7767c000 	C:\Windows\SYSTEM32\ntdll.dll
0x772f0000 - 0x773c4000 	C:\Windows\system32\kernel32.dll
0x75940000 - 0x7598a000 	C:\Windows\system32\KERNELBASE.dll
0x75990000 - 0x75a30000 	C:\Windows\system32\ADVAPI32.dll
0x75ac0000 - 0x75b6c000 	C:\Windows\system32\msvcrt.dll
0x75f20000 - 0x75f39000 	C:\Windows\SYSTEM32\sechost.dll
0x76ea0000 - 0x76f41000 	C:\Windows\system32\RPCRT4.dll
0x7c340000 - 0x7c396000 	C:\Program Files\Java\jdk1.6.0_26\jre\bin\msvcr71.dll
0x6d8a0000 - 0x6db4f000 	C:\Program Files\Java\jdk1.6.0_26\jre\bin\client\jvm.dll
0x75db0000 - 0x75e79000 	C:\Windows\system32\USER32.dll
0x75ed0000 - 0x75f1e000 	C:\Windows\system32\GDI32.dll
0x77680000 - 0x7768a000 	C:\Windows\system32\LPK.dll
0x76150000 - 0x761ed000 	C:\Windows\system32\USP10.dll
0x73b10000 - 0x73b42000 	C:\Windows\system32\WINMM.dll
0x772d0000 - 0x772ef000 	C:\Windows\system32\IMM32.DLL
0x77690000 - 0x7775c000 	C:\Windows\system32\MSCTF.dll
0x755c0000 - 0x7560b000 	C:\Windows\system32\apphelp.dll
0x6d850000 - 0x6d85c000 	C:\Program Files\Java\jdk1.6.0_26\jre\bin\verify.dll
0x6d3d0000 - 0x6d3ef000 	C:\Program Files\Java\jdk1.6.0_26\jre\bin\java.dll
0x76140000 - 0x76145000 	C:\Windows\system32\PSAPI.DLL
0x6d890000 - 0x6d89f000 	C:\Program Files\Java\jdk1.6.0_26\jre\bin\zip.dll
0x6d0b0000 - 0x6d1fb000 	C:\Program Files\Java\jdk1.6.0_26\jre\bin\awt.dll
0x6fcb0000 - 0x6fd01000 	C:\Windows\system32\WINSPOOL.DRV
0x76fd0000 - 0x7712c000 	C:\Windows\system32\ole32.dll
0x74620000 - 0x747be000 	C:\Windows\WinSxS\x86_microsoft.windows.common-controls_6595b64144ccf1df_6.0.7600.16385_none_421189da2b7fabfc\COMCTL32.dll
0x75c50000 - 0x75ca7000 	C:\Windows\system32\SHLWAPI.dll
0x75740000 - 0x757c4000 	C:\Windows\WinSxS\x86_microsoft.windows.common-controls_6595b64144ccf1df_5.82.7600.16385_none_ebf82fc36c758ad5\comctl32.dll
0x74220000 - 0x74233000 	C:\Windows\system32\DWMAPI.DLL
0x744a0000 - 0x744e0000 	C:\Windows\system32\uxtheme.dll
0x6d2e0000 - 0x6d32f000 	C:\Program Files\Java\jdk1.6.0_26\jre\bin\fontmanager.dll
0x75610000 - 0x7561c000 	C:\Windows\system32\CRYPTBASE.dll
0x76250000 - 0x76e99000 	C:\Windows\system32\shell32.dll
0x6d6b0000 - 0x6d6c3000 	C:\Program Files\Java\jdk1.6.0_26\jre\bin\net.dll
0x75c10000 - 0x75c45000 	C:\Windows\system32\WS2_32.dll
0x77760000 - 0x77766000 	C:\Windows\system32\NSI.dll
0x17e40000 - 0x17e73000 	C:\Windows\system32\idmmbc.dll
0x75a30000 - 0x75abf000 	C:\Windows\system32\OLEAUT32.dll
0x750d0000 - 0x7510c000 	C:\Windows\system32\mswsock.dll
0x750c0000 - 0x750c6000 	C:\Windows\System32\wship6.dll
0x6d6d0000 - 0x6d6d9000 	C:\Program Files\Java\jdk1.6.0_26\jre\bin\nio.dll
0x17e10000 - 0x17e17000 	C:\Program Files\Internet Download Manager\idmmkb.dll
0x75b70000 - 0x75bf3000 	C:\Windows\system32\CLBCatQ.DLL
0x18460000 - 0x18485000 	C:\Users\dev\AppData\Local\Temp\bluecove_dev_0\intelbth.dll
0x6ebf0000 - 0x6ebfd000 	C:\Windows\System32\wshBth.dll
0x66170000 - 0x661d9000 	C:\Windows\system32\irprops.cpl
0x70b10000 - 0x70b17000 	C:\Windows\system32\WSOCK32.dll
0x75710000 - 0x7573d000 	C:\Windows\system32\WINTRUST.dll
0x757f0000 - 0x7590c000 	C:\Windows\system32\CRYPT32.dll
0x75700000 - 0x7570c000 	C:\Windows\system32\MSASN1.dll
0x72670000 - 0x72720000 	C:\Windows\system32\bthprops.cpl
0x77130000 - 0x772cd000 	C:\Windows\system32\SETUPAPI.dll
0x75910000 - 0x75937000 	C:\Windows\system32\CFGMGR32.dll
0x757d0000 - 0x757e2000 	C:\Windows\system32\DEVOBJ.dll
0x75110000 - 0x75126000 	C:\Windows\system32\CRYPTSP.dll
0x74eb0000 - 0x74eeb000 	C:\Windows\system32\rsaenh.dll
0x75680000 - 0x7568e000 	C:\Windows\system32\RpcRtRemote.dll

VM Arguments:
jvm_args: -Dfile.encoding=UTF-8 
java_command: input2PCServer.Input2PCserver
Launcher Type: SUN_STANDARD

Environment Variables:
PATH=C:\Program Files\PC Connectivity Solution\;C:\Windows\system32;C:\Windows;C:\Windows\System32\Wbem;C:\Windows\System32\WindowsPowerShell\v1.0\;C:\Program Files\Autodesk\Backburner\
USERNAME=dev
OS=Windows_NT
PROCESSOR_IDENTIFIER=x86 Family 6 Model 23 Stepping 10, GenuineIntel



---------------  S Y S T E M  ---------------

OS: Windows 7 Build 7600 

CPU:total 2 (2 cores per cpu, 1 threads per core) family 6 model 23 stepping 10, cmov, cx8, fxsr, mmx, sse, sse2, sse3, ssse3, sse4.1

Memory: 4k page, physical 1038520k(110300k free), swap 2087096k(352732k free)

vm_info: Java HotSpot(TM) Client VM (20.1-b02) for windows-x86 JRE (1.6.0_26-b03), built on May  4 2011 00:50:59 by "java_re" with MS VC++ 7.1 (VS2003)

time: Thu Mar 07 18:06:44 2013
elapsed time: 615 seconds

