#
# A fatal error has been detected by the Java Runtime Environment:
#
#  EXCEPTION_ACCESS_VIOLATION (0xc0000005) at pc=0x38b8cccc, pid=640, tid=4680
#
# JRE version: 6.0_26-b03
# Java VM: Java HotSpot(TM) Client VM (20.1-b02 mixed mode windows-x86 )
# Problematic frame:
# C  0x38b8cccc
#
# If you would like to submit a bug report, please visit:
#   http://java.sun.com/webapps/bugreport/crash.jsp
# The crash happened outside the Java Virtual Machine in native code.
# See problematic frame for where to report the bug.
#

---------------  T H R E A D  ---------------

Current thread (0x17ba3400):  JavaThread "AWT-Windows" daemon [_thread_in_native, id=4680, stack(0x18070000,0x180c0000)]

siginfo: ExceptionCode=0xc0000005, reading address 0x38b8cccc

Registers:
EAX=0x6d17016a, EBX=0x00000001, ECX=0x01914e88, EDX=0x00000004
ESP=0x180bf970, EBP=0x180bf99c, ESI=0x17ba3528, EDI=0x00000000
EIP=0x38b8cccc, EFLAGS=0x00010297

Top of Stack: (sp=0x180bf970)
0x180bf970:   6d14cb4f 180bfa18 00009819 00000000
0x180bf980:   180bfa18 00000000 17ba3528 180bf974
0x180bf990:   180bfa30 6d1704a8 00000001 180bf9c8
0x180bf9a0:   76f986ef 002302fa 00009819 01914e88
0x180bf9b0:   00000000 00009819 dcbaabcd 00000000
0x180bf9c0:   180bfa18 00009819 180bfa40 76f98876
0x180bf9d0:   6d14c650 002302fa 00009819 01914e88
0x180bf9e0:   00000000 6201ff3f 00000000 002302fa 

Instructions: (pc=0x38b8cccc)
0x38b8ccac:   
[error occurred during error reporting (printing registers, top of stack, instructions near pc), id 0xc0000005]

Register to memory mapping:

EAX=0x6d17016a is an unknown value
EBX=0x00000001 is an unknown value
ECX=0x01914e88 is an unknown value
EDX=0x00000004 is an unknown value
ESP=0x180bf970 is pointing into the stack for thread: 0x17ba3400
EBP=0x180bf99c is pointing into the stack for thread: 0x17ba3400
ESI=0x17ba3528 is an unknown value
EDI=0x00000000 is an unknown value


Stack: [0x18070000,0x180c0000],  sp=0x180bf970,  free space=318k
Native frames: (J=compiled Java code, j=interpreted, Vv=VM code, C=native code)
C  0x38b8cccc
C  [USER32.dll+0x186ef]  IsThreadDesktopComposited+0x11f
C  [USER32.dll+0x18876]  IsThreadDesktopComposited+0x2a6
C  [USER32.dll+0x170f4]  InflateRect+0x74
C  [USER32.dll+0x1738f]  DefWindowProcW+0x144
C  [ntdll.dll+0x4642e]  KiUserCallbackDispatcher+0x2e

Java frames: (J=compiled Java code, j=interpreted, Vv=VM code)
j  sun.awt.windows.WToolkit.eventLoop()V+0
j  sun.awt.windows.WToolkit.run()V+52
j  java.lang.Thread.run()V+11
v  ~StubRoutines::call_stub

---------------  P R O C E S S  ---------------

Java Threads: ( => current thread )
  0x0191a000 JavaThread "Thread-1" daemon [_thread_in_native, id=4480, stack(0x194a0000,0x194f0000)]
  0x17c59c00 JavaThread "Thread-4" [_thread_in_native, id=4808, stack(0x19410000,0x19460000)]
  0x17c59400 JavaThread "TimerQueue" daemon [_thread_blocked, id=4900, stack(0x193c0000,0x19410000)]
  0x001d9000 JavaThread "DestroyJavaVM" [_thread_blocked, id=5332, stack(0x00170000,0x001c0000)]
  0x17c5e800 JavaThread "Thread-3" [_thread_in_native, id=4716, stack(0x186c0000,0x18710000)]
  0x17c36400 JavaThread "AWT-EventQueue-0" [_thread_blocked, id=5200, stack(0x18650000,0x186a0000)]
=>0x17ba3400 JavaThread "AWT-Windows" daemon [_thread_in_native, id=4680, stack(0x18070000,0x180c0000)]
  0x17b74c00 JavaThread "AWT-Shutdown" [_thread_blocked, id=5876, stack(0x18020000,0x18070000)]
  0x17b70400 JavaThread "Java2D Disposer" daemon [_thread_in_native, id=4284, stack(0x17d80000,0x17dd0000)]
  0x01963400 JavaThread "Low Memory Detector" daemon [_thread_blocked, id=4516, stack(0x17ab0000,0x17b00000)]
  0x0195e400 JavaThread "C1 CompilerThread0" daemon [_thread_blocked, id=1104, stack(0x17a60000,0x17ab0000)]
  0x0195d400 JavaThread "Attach Listener" daemon [_thread_blocked, id=5748, stack(0x17a10000,0x17a60000)]
  0x0195a400 JavaThread "Signal Dispatcher" daemon [_thread_blocked, id=5960, stack(0x179c0000,0x17a10000)]
  0x01930000 JavaThread "Finalizer" daemon [_thread_blocked, id=5932, stack(0x17970000,0x179c0000)]
  0x0192b800 JavaThread "Reference Handler" daemon [_thread_blocked, id=2004, stack(0x17920000,0x17970000)]

Other Threads:
  0x01926c00 VMThread [stack: 0x178d0000,0x17920000] [id=5020]
  0x0197e000 WatcherThread [stack: 0x17b00000,0x17b50000] [id=2036]

VM state:not at safepoint (normal execution)

VM Mutex/Monitor currently owned by a thread: None

Heap
 def new generation   total 4864K, used 811K [0x039a0000, 0x03ee0000, 0x08e40000)
  eden space 4352K,   7% used [0x039a0000, 0x039ec778, 0x03de0000)
  from space 512K,  98% used [0x03e60000, 0x03ede530, 0x03ee0000)
  to   space 512K,   0% used [0x03de0000, 0x03de0000, 0x03e60000)
 tenured generation   total 10880K, used 567K [0x08e40000, 0x098e0000, 0x137a0000)
   the space 10880K,   5% used [0x08e40000, 0x08ecde70, 0x08ece000, 0x098e0000)
 compacting perm gen  total 12288K, used 7626K [0x137a0000, 0x143a0000, 0x177a0000)
   the space 12288K,  62% used [0x137a0000, 0x13f12928, 0x13f12a00, 0x143a0000)
No shared spaces configured.

Code Cache  [0x019a0000, 0x01a58000, 0x039a0000)
 total_blobs=377 nmethods=180 adapters=133 free_code_cache=32829312 largest_free_block=0

Dynamic libraries:
0x00400000 - 0x00424000 	C:\Program Files\Java\jdk1.6.0_26\bin\java.exe
0x77250000 - 0x7738c000 	C:\Windows\SYSTEM32\ntdll.dll
0x76ea0000 - 0x76f74000 	C:\Windows\system32\kernel32.dll
0x75620000 - 0x7566a000 	C:\Windows\system32\KERNELBASE.dll
0x767f0000 - 0x76890000 	C:\Windows\system32\ADVAPI32.dll
0x77100000 - 0x771ac000 	C:\Windows\system32\msvcrt.dll
0x773f0000 - 0x77409000 	C:\Windows\SYSTEM32\sechost.dll
0x77050000 - 0x770f1000 	C:\Windows\system32\RPCRT4.dll
0x7c340000 - 0x7c396000 	C:\Program Files\Java\jdk1.6.0_26\jre\bin\msvcr71.dll
0x6d8a0000 - 0x6db4f000 	C:\Program Files\Java\jdk1.6.0_26\jre\bin\client\jvm.dll
0x76f80000 - 0x77049000 	C:\Windows\system32\USER32.dll
0x76ac0000 - 0x76b0e000 	C:\Windows\system32\GDI32.dll
0x773c0000 - 0x773ca000 	C:\Windows\system32\LPK.dll
0x771b0000 - 0x7724d000 	C:\Windows\system32\USP10.dll
0x738a0000 - 0x738d2000 	C:\Windows\system32\WINMM.dll
0x773d0000 - 0x773ef000 	C:\Windows\system32\IMM32.DLL
0x76520000 - 0x765ec000 	C:\Windows\system32\MSCTF.dll
0x752d0000 - 0x7531b000 	C:\Windows\system32\apphelp.dll
0x6d850000 - 0x6d85c000 	C:\Program Files\Java\jdk1.6.0_26\jre\bin\verify.dll
0x6d3d0000 - 0x6d3ef000 	C:\Program Files\Java\jdk1.6.0_26\jre\bin\java.dll
0x77410000 - 0x77415000 	C:\Windows\system32\PSAPI.DLL
0x6d890000 - 0x6d89f000 	C:\Program Files\Java\jdk1.6.0_26\jre\bin\zip.dll
0x6d0b0000 - 0x6d1fb000 	C:\Program Files\Java\jdk1.6.0_26\jre\bin\awt.dll
0x6fbe0000 - 0x6fc31000 	C:\Windows\system32\WINSPOOL.DRV
0x762e0000 - 0x7643c000 	C:\Windows\system32\ole32.dll
0x74300000 - 0x7449e000 	C:\Windows\WinSxS\x86_microsoft.windows.common-controls_6595b64144ccf1df_6.0.7600.16385_none_421189da2b7fabfc\COMCTL32.dll
0x77420000 - 0x77477000 	C:\Windows\system32\SHLWAPI.dll
0x75530000 - 0x755b4000 	C:\Windows\WinSxS\x86_microsoft.windows.common-controls_6595b64144ccf1df_5.82.7600.16385_none_ebf82fc36c758ad5\comctl32.dll
0x73da0000 - 0x73db3000 	C:\Windows\system32\DWMAPI.DLL
0x74150000 - 0x74190000 	C:\Windows\system32\uxtheme.dll
0x6d2e0000 - 0x6d32f000 	C:\Program Files\Java\jdk1.6.0_26\jre\bin\fontmanager.dll
0x75320000 - 0x7532c000 	C:\Windows\system32\CRYPTBASE.dll
0x75690000 - 0x762d9000 	C:\Windows\system32\shell32.dll
0x6d6b0000 - 0x6d6c3000 	C:\Program Files\Java\jdk1.6.0_26\jre\bin\net.dll
0x76b40000 - 0x76b75000 	C:\Windows\system32\WS2_32.dll
0x773b0000 - 0x773b6000 	C:\Windows\system32\NSI.dll
0x183c0000 - 0x183f3000 	C:\Windows\system32\idmmbc.dll
0x76890000 - 0x7691f000 	C:\Windows\system32\OLEAUT32.dll
0x74dc0000 - 0x74dfc000 	C:\Windows\system32\mswsock.dll
0x74db0000 - 0x74db6000 	C:\Windows\System32\wship6.dll
0x6d6d0000 - 0x6d6d9000 	C:\Program Files\Java\jdk1.6.0_26\jre\bin\nio.dll
0x76440000 - 0x764c3000 	C:\Windows\system32\CLBCatQ.DLL
0x17fb0000 - 0x17fd5000 	C:\Users\dev\AppData\Local\Temp\bluecove_dev_0\intelbth.dll
0x6e930000 - 0x6e93d000 	C:\Windows\System32\wshBth.dll
0x66c30000 - 0x66c99000 	C:\Windows\system32\irprops.cpl
0x703c0000 - 0x703c7000 	C:\Windows\system32\WSOCK32.dll
0x755f0000 - 0x7561d000 	C:\Windows\system32\WINTRUST.dll
0x75410000 - 0x7552c000 	C:\Windows\system32\CRYPT32.dll
0x77390000 - 0x7739c000 	C:\Windows\system32\MSASN1.dll
0x72500000 - 0x725b0000 	C:\Windows\system32\bthprops.cpl
0x76920000 - 0x76abd000 	C:\Windows\system32\SETUPAPI.dll
0x755c0000 - 0x755e7000 	C:\Windows\system32\CFGMGR32.dll
0x75670000 - 0x75682000 	C:\Windows\system32\DEVOBJ.dll
0x18720000 - 0x18727000 	C:\Program Files\Internet Download Manager\idmmkb.dll
0x74e00000 - 0x74e16000 	C:\Windows\system32\CRYPTSP.dll
0x74ba0000 - 0x74bdb000 	C:\Windows\system32\rsaenh.dll
0x75390000 - 0x7539e000 	C:\Windows\system32\RpcRtRemote.dll

VM Arguments:
jvm_args: -Dfile.encoding=UTF-8 
java_command: input2PCServer.Input2PCserver
Launcher Type: SUN_STANDARD

Environment Variables:
PATH=C:\Program Files\PC Connectivity Solution\;C:\Windows\system32;C:\Windows;C:\Windows\System32\Wbem;C:\Windows\System32\WindowsPowerShell\v1.0\;C:\Program Files\Autodesk\Backburner\
USERNAME=dev
OS=Windows_NT
PROCESSOR_IDENTIFIER=x86 Family 6 Model 23 Stepping 10, GenuineIntel



---------------  S Y S T E M  ---------------

OS: Windows 7 Build 7600 

CPU:total 2 (2 cores per cpu, 1 threads per core) family 6 model 23 stepping 10, cmov, cx8, fxsr, mmx, sse, sse2, sse3, ssse3, sse4.1

Memory: 4k page, physical 1038520k(143700k free), swap 2456676k(604248k free)

vm_info: Java HotSpot(TM) Client VM (20.1-b02) for windows-x86 JRE (1.6.0_26-b03), built on May  4 2011 00:50:59 by "java_re" with MS VC++ 7.1 (VS2003)

time: Sat Mar 02 02:27:08 2013
elapsed time: 184 seconds

